<?xml version="1.0" encoding="UTF-8"?>
<!-- Generated by org.testng.reporters.JUnitXMLReporter -->
<testsuite hostname="LAPTOP-OIJ1FI09" ignored="5" name="Default test" tests="1" failures="0" timestamp="17 Jun 2019 14:58:00 GMT" time="24.697" errors="0">
  <testcase name="I9" time="12.866" classname="com.practice.RdsTesting"/>
  <testcase name="acknowledgementEmergencyVATax" time="0.0" classname="com.practice.RdsTesting">
    <ignored/>
  </testcase> <!-- acknowledgementEmergencyVATax -->
  <testcase name="w4" time="0.0" classname="com.practice.RdsTesting">
    <ignored/>
  </testcase> <!-- w4 -->
  <testcase name="offerLetter" time="0.0" classname="com.practice.RdsTesting">
    <ignored/>
  </testcase> <!-- offerLetter -->
  <testcase name="backgroundCheck" time="0.0" classname="com.practice.RdsTesting">
    <ignored/>
  </testcase> <!-- backgroundCheck -->
  <testcase name="drugConsentW4" time="0.0" classname="com.practice.RdsTesting">
    <ignored/>
  </testcase> <!-- drugConsentW4 -->
</testsuite> <!-- Default test -->
