<?xml version="1.0" encoding="UTF-8"?>
<testng-results skipped="0" failed="0" ignored="5" total="6" passed="1">
  <reporter-output>
  </reporter-output>
  <suite name="Default suite" duration-ms="24697" started-at="2019-06-17T14:57:35Z" finished-at="2019-06-17T14:58:00Z">
    <groups>
    </groups>
    <test name="Default test" duration-ms="24697" started-at="2019-06-17T14:57:35Z" finished-at="2019-06-17T14:58:00Z">
      <class name="com.practice.RdsTesting">
        <test-method status="PASS" signature="setUp()[pri:0, instance:com.practice.RdsTesting@1593948d]" name="setUp" is-config="true" duration-ms="11803" started-at="2019-06-17T14:57:35Z" finished-at="2019-06-17T14:57:47Z">
          <reporter-output>
          </reporter-output>
        </test-method> <!-- setUp -->
        <test-method status="PASS" signature="I9()[pri:6, instance:com.practice.RdsTesting@1593948d]" name="I9" duration-ms="12866" started-at="2019-06-17T14:57:47Z" finished-at="2019-06-17T14:58:00Z">
          <reporter-output>
          </reporter-output>
        </test-method> <!-- I9 -->
      </class> <!-- com.practice.RdsTesting -->
    </test> <!-- Default test -->
  </suite> <!-- Default suite -->
</testng-results>
